/*C12*/SET SCHEMA PUBLIC
INSERT INTO EVENT VALUES('scsmbstgra',TRUE,5,'12345','APPLICATION_LOG')
COMMIT
INSERT INTO EVENT VALUES('scsmbstgrc',TRUE,8,NULL,NULL)
COMMIT
INSERT INTO EVENT VALUES('scsmbstgrb',FALSE,3,NULL,NULL)
COMMIT
DISCONNECT
/*C13*/SET SCHEMA PUBLIC
DISCONNECT
/*C14*/SET SCHEMA PUBLIC
DISCONNECT
/*C15*/SET SCHEMA PUBLIC
DISCONNECT
/*C16*/SET SCHEMA PUBLIC
DISCONNECT
/*C17*/SET SCHEMA PUBLIC
DISCONNECT
/*C18*/SET SCHEMA PUBLIC
DISCONNECT
/*C19*/SET SCHEMA PUBLIC
DISCONNECT
/*C20*/SET SCHEMA PUBLIC
DISCONNECT
/*C21*/SET SCHEMA PUBLIC
DISCONNECT
